C:\LOST V2.15 - COPY\DEBUG\IGRAPHICS PROJECT.EXE
C:\LOST V2.15 - COPY\DEBUG\IGRAPHICS PROJECT.ILK
C:\LOST V2.15 - COPY\DEBUG\IGRAPHICS PROJECT.PDB
C:\Lost v2.15 - Copy\iGraphics Project\Debug\cl.command.1.tlog
C:\Lost v2.15 - Copy\iGraphics Project\Debug\CL.read.1.tlog
C:\Lost v2.15 - Copy\iGraphics Project\Debug\CL.write.1.tlog
C:\LOST V2.15 - COPY\IGRAPHICS PROJECT\DEBUG\GAME.OBJ
C:\LOST V2.15 - COPY\IGRAPHICS PROJECT\DEBUG\IGRAPHICS PROJECT.EXE.INTERMEDIATE.MANIFEST
C:\Lost v2.15 - Copy\iGraphics Project\Debug\iGraphics Project.vcxprojResolveAssemblyReference.cache
C:\Lost v2.15 - Copy\iGraphics Project\Debug\iGraphics Project.write.1.tlog
C:\Lost v2.15 - Copy\iGraphics Project\Debug\link.command.1.tlog
C:\Lost v2.15 - Copy\iGraphics Project\Debug\link.read.1.tlog
C:\Lost v2.15 - Copy\iGraphics Project\Debug\link.write.1.tlog
C:\Lost v2.15 - Copy\iGraphics Project\Debug\mt.command.1.tlog
C:\Lost v2.15 - Copy\iGraphics Project\Debug\mt.read.1.tlog
C:\Lost v2.15 - Copy\iGraphics Project\Debug\mt.write.1.tlog
C:\Lost v2.15 - Copy\iGraphics Project\Debug\vc100.idb
C:\LOST V2.15 - COPY\IGRAPHICS PROJECT\DEBUG\VC100.PDB
C:\LOST V2.15\DEBUG\IGRAPHICS PROJECT.EXE
C:\LOST V2.15\DEBUG\IGRAPHICS PROJECT.ILK
C:\LOST V2.15\DEBUG\IGRAPHICS PROJECT.PDB
C:\LOST V2.15\IGRAPHICS PROJECT\DEBUG\GAME.OBJ
C:\LOST V2.15\IGRAPHICS PROJECT\DEBUG\IGRAPHICS PROJECT.EXE.INTERMEDIATE.MANIFEST
C:\LOST V2.15\IGRAPHICS PROJECT\DEBUG\VC100.PDB
E:\CLASSWORKS\LOST V2.11\DEBUG\IGRAPHICS PROJECT.EXE
E:\CLASSWORKS\LOST V2.11\DEBUG\IGRAPHICS PROJECT.ILK
E:\CLASSWORKS\LOST V2.11\DEBUG\IGRAPHICS PROJECT.PDB
E:\CLASSWORKS\LOST V2.11\IGRAPHICS PROJECT\DEBUG\GAME.OBJ
E:\CLASSWORKS\LOST V2.11\IGRAPHICS PROJECT\DEBUG\IGRAPHICS PROJECT.EXE.INTERMEDIATE.MANIFEST
E:\CLASSWORKS\LOST V2.11\IGRAPHICS PROJECT\DEBUG\VC100.PDB
